#
# A fatal error has been detected by the Java Runtime Environment:
#
#  EXCEPTION_ACCESS_VIOLATION (0xc0000005) at pc=0x00007ff80e6c1f40, pid=9544, tid=10036
#
# JRE version: OpenJDK Runtime Environment AdoptOpenJDK (11.0.9.1+1) (build 11.0.9.1+1)
# Java VM: OpenJDK 64-Bit Server VM AdoptOpenJDK (11.0.9.1+1, mixed mode, tiered, compressed oops, g1 gc, windows-amd64)
# Problematic frame:
# C  [atio6axx.dll+0xba1f40]
#
# No core dump will be written. Minidumps are not enabled by default on client versions of Windows
#
# If you would like to submit a bug report, please visit:
#   https://github.com/AdoptOpenJDK/openjdk-support/issues
# The crash happened outside the Java Virtual Machine in native code.
# See problematic frame for where to report the bug.
#

---------------  S U M M A R Y ------------

Command Line: -agentlib:jdwp=transport=dt_socket,server=n,suspend=y,address=localhost:52396 -Djava.library.path=lib/native -Dfile.encoding=UTF-8 com.maykov.game.beepboop.App

Host: AMD Ryzen 9 3950X 16-Core Processor            , 32 cores, 15G,  Windows 10 , 64 bit Build 19041 (10.0.19041.662)
Time: Sat Jan 16 21:20:16 2021 Eastern Standard Time elapsed time: 5.123901 seconds (0d 0h 0m 5s)

---------------  T H R E A D  ---------------

Current thread (0x000001e6afb5c000):  JavaThread "main" [_thread_in_native, id=10036, stack(0x0000009124800000,0x0000009124900000)]

Stack: [0x0000009124800000,0x0000009124900000],  sp=0x00000091248fe528,  free space=1017k
Native frames: (J=compiled Java code, j=interpreted, Vv=VM code, C=native code)
C  [atio6axx.dll+0xba1f40]

Java frames: (J=compiled Java code, j=interpreted, Vv=VM code)
J 670  org.lwjgl.opengl.GL11.nglDrawElementsBO(IIIJJ)V (0 bytes) @ 0x000001e6c1f1c726 [0x000001e6c1f1c6c0+0x0000000000000066]
J 663 c1 com.maykov.game.beepboop.render.Renderer.render(Lcom/maykov/game/beepboop/entities/Entity;Lcom/maykov/game/beepboop/shader/StaticShader;)V (102 bytes) @ 0x000001e6bac1e48c [0x000001e6bac1c680+0x0000000000001e0c]
j  com.maykov.game.beepboop.App.main([Ljava/lang/String;)V+193
v  ~StubRoutines::call_stub

siginfo: EXCEPTION_ACCESS_VIOLATION (0xc0000005), reading address 0x000001e6dc242000


Register to memory mapping:

RIP=0x00007ff80e6c1f40 atio6axx.dll
RAX=0x00007ff80e6c1f40 atio6axx.dll
RBX=0x000001e6dc242000 is an unknown value
RCX=0x000001e6e162a294 points into unknown readable memory: 00 00 00 00
RDX=0x000001e6dc242000 is an unknown value
RSP=0x00000091248fe528 is pointing into the stack for thread: 0x000001e6afb5c000
RBP=0x00000000000000ad is an unknown value
RSI=0x000001e6e162a294 points into unknown readable memory: 00 00 00 00
RDI=0x000001e6e16292d4 points into unknown readable memory: 72 0a 2b ac
R8 =0x0000000000000002 is an unknown value
R9 =0x00007ff80db20000 atio6axx.dll
R10=0x000000000000000a is an unknown value
R11=0x00000000000001fd is an unknown value
R12=0x0 is NULL
R13=0x000001e6dc0df440 points into unknown readable memory: 38 24 20 10 f8 7f 00 00
R14=0x0000000000000018 is an unknown value
R15=0x000001e6db9372d0 points into unknown readable memory: 50 7e 6d db e6 01 00 00


Registers:
RAX=0x00007ff80e6c1f40, RBX=0x000001e6dc242000, RCX=0x000001e6e162a294, RDX=0x000001e6dc242000
RSP=0x00000091248fe528, RBP=0x00000000000000ad, RSI=0x000001e6e162a294, RDI=0x000001e6e16292d4
R8 =0x0000000000000002, R9 =0x00007ff80db20000, R10=0x000000000000000a, R11=0x00000000000001fd
R12=0x0000000000000000, R13=0x000001e6dc0df440, R14=0x0000000000000018, R15=0x000001e6db9372d0
RIP=0x00007ff80e6c1f40, EFLAGS=0x0000000000010202

Top of Stack: (sp=0x00000091248fe528)
0x00000091248fe528:   00007ff80e5efcd8 000001e6d7446d90
0x00000091248fe538:   fffffffffe7ffffe 0000000000000000
0x00000091248fe548:   0000000000000018 0000000000000080
0x00000091248fe558:   00007ff80f154704 000000020000000c
0x00000091248fe568:   0000000000000003 0000000000000006
0x00000091248fe578:   00000000000001fd 00007ff80e6c1f40
0x00000091248fe588:   0000000000000000 0000000000000a10
0x00000091248fe598:   000001e600000000 0000000000000003
0x00000091248fe5a8:   0000000000000000 0000000000000500
0x00000091248fe5b8:   0000000000000000 0000000000000000
0x00000091248fe5c8:   000001e6db9214b8 000001e6db871a80
0x00000091248fe5d8:   000001e6dba55cf0 0000000000000120
0x00000091248fe5e8:   00007ff80f2550e3 000001e6dbc7a0b0
0x00000091248fe5f8:   0000000000000000 0000000000000000
0x00000091248fe608:   0000000000000000 000001e6dbc7aad0
0x00000091248fe618:   0000000000000000 000001e6dba6cdd0 

Instructions: (pc=0x00007ff80e6c1f40)
0x00007ff80e6c1e40:   11 41 08 c3 cc cc cc cc cc cc cc cc cc cc cc cc
0x00007ff80e6c1e50:   8b 02 0f 57 c0 f3 0f 10 15 0f 7c b8 01 0f 57 c9
0x00007ff80e6c1e60:   f3 48 0f 2a c0 f3 0f 59 c2 f3 0f 11 01 0f 57 c0
0x00007ff80e6c1e70:   8b 42 04 f3 48 0f 2a c8 f3 0f 59 ca f3 0f 11 49
0x00007ff80e6c1e80:   04 0f 57 c9 8b 42 08 f3 48 0f 2a c0 f3 0f 59 c2
0x00007ff80e6c1e90:   f3 0f 11 41 08 8b 42 0c f3 48 0f 2a c8 b8 10 00
0x00007ff80e6c1ea0:   00 00 f3 0f 59 ca f3 0f 11 49 0c c3 cc cc cc cc
0x00007ff80e6c1eb0:   8b 02 0f 57 c0 0f 57 c9 f3 48 0f 2a c0 f3 0f 11
0x00007ff80e6c1ec0:   01 0f 57 c0 8b 42 04 f3 48 0f 2a c8 f3 0f 11 49
0x00007ff80e6c1ed0:   04 0f 57 c9 8b 42 08 f3 48 0f 2a c0 f3 0f 11 41
0x00007ff80e6c1ee0:   08 8b 42 0c f3 48 0f 2a c8 b8 10 00 00 00 f3 0f
0x00007ff80e6c1ef0:   11 49 0c c3 cc cc cc cc cc cc cc cc cc cc cc cc
0x00007ff80e6c1f00:   f2 0f 10 02 b8 04 00 00 00 66 0f 5a c0 f3 0f 11
0x00007ff80e6c1f10:   01 c3 cc cc cc cc cc cc cc cc cc cc cc cc cc cc
0x00007ff80e6c1f20:   f2 0f 10 02 b8 08 00 00 00 66 0f 5a c0 f3 0f 11
0x00007ff80e6c1f30:   01 f2 0f 10 4a 08 66 0f 5a c9 f3 0f 11 49 04 c3
0x00007ff80e6c1f40:   f2 0f 10 02 b8 0c 00 00 00 66 0f 5a c0 f3 0f 11
0x00007ff80e6c1f50:   01 f2 0f 10 4a 08 66 0f 5a c9 f3 0f 11 49 04 f2
0x00007ff80e6c1f60:   0f 10 42 10 66 0f 5a c0 f3 0f 11 41 08 c3 cc cc
0x00007ff80e6c1f70:   f2 0f 10 02 b8 10 00 00 00 66 0f 5a c0 f3 0f 11
0x00007ff80e6c1f80:   01 f2 0f 10 4a 08 66 0f 5a c9 f3 0f 11 49 04 f2
0x00007ff80e6c1f90:   0f 10 42 10 66 0f 5a c0 f3 0f 11 41 08 f2 0f 10
0x00007ff80e6c1fa0:   4a 18 66 0f 5a c9 f3 0f 11 49 0c c3 cc cc cc cc
0x00007ff80e6c1fb0:   0f b7 02 4c 8b c1 66 85 c0 75 0d 0f 57 c0 b8 04
0x00007ff80e6c1fc0:   00 00 00 f3 0f 11 01 c3 8b d0 8b c8 c1 ea 0a 25
0x00007ff80e6c1fd0:   ff 03 00 00 83 e2 1f c1 e0 0d 83 c2 70 81 e1 00
0x00007ff80e6c1fe0:   80 ff ff c1 e2 17 0b d0 c1 e1 10 0b d1 b8 04 00
0x00007ff80e6c1ff0:   00 00 89 54 24 18 f3 0f 10 44 24 18 f3 41 0f 11
0x00007ff80e6c2000:   00 c3 cc cc cc cc cc cc cc cc cc cc cc cc cc cc
0x00007ff80e6c2010:   0f b7 02 4c 8b ca 4c 8b c1 0f 57 c0 66 85 c0 75
0x00007ff80e6c2020:   05 0f 57 c9 eb 2f 8b d0 8b c8 c1 ea 0a 25 ff 03
0x00007ff80e6c2030:   00 00 83 e2 1f c1 e0 0d 83 c2 70 81 e1 00 80 ff 


Stack slot to memory mapping:
stack at sp + 0 slots: 0x00007ff80e5efcd8 atio6axx.dll
stack at sp + 1 slots: 0x000001e6d7446d90 points into unknown readable memory: 00 20 21 10 f8 7f 00 00
stack at sp + 2 slots: 0xfffffffffe7ffffe is an unknown value
stack at sp + 3 slots: 0x0 is NULL
stack at sp + 4 slots: 0x0000000000000018 is an unknown value
stack at sp + 5 slots: 0x0000000000000080 is an unknown value
stack at sp + 6 slots: 0x00007ff80f154704 atio6axx.dll
stack at sp + 7 slots: 0x000000020000000c is an unknown value


---------------  P R O C E S S  ---------------

Threads class SMR info:
_java_thread_list=0x000001e6d8663300, length=15, elements={
0x000001e6afb5c000, 0x000001e6d836f800, 0x000001e6d8378800, 0x000001e6d83ca800,
0x000001e6d83cc000, 0x000001e6d83cf000, 0x000001e6d83da800, 0x000001e6d83e9800,
0x000001e6d8306800, 0x000001e6d85ae000, 0x000001e6d85af800, 0x000001e6d85b0000,
0x000001e6d85bd000, 0x000001e6d85cb000, 0x000001e6dbd69800
}

Java Threads: ( => current thread )
=>0x000001e6afb5c000 JavaThread "main" [_thread_in_native, id=10036, stack(0x0000009124800000,0x0000009124900000)]
  0x000001e6d836f800 JavaThread "Reference Handler" daemon [_thread_blocked, id=2352, stack(0x0000009124f00000,0x0000009125000000)]
  0x000001e6d8378800 JavaThread "Finalizer" daemon [_thread_blocked, id=8392, stack(0x0000009125000000,0x0000009125100000)]
  0x000001e6d83ca800 JavaThread "Signal Dispatcher" daemon [_thread_blocked, id=14724, stack(0x0000009125100000,0x0000009125200000)]
  0x000001e6d83cc000 JavaThread "Attach Listener" daemon [_thread_blocked, id=4152, stack(0x0000009125200000,0x0000009125300000)]
  0x000001e6d83cf000 JavaThread "C2 CompilerThread0" daemon [_thread_blocked, id=15988, stack(0x0000009125300000,0x0000009125400000)]
  0x000001e6d83da800 JavaThread "C1 CompilerThread0" daemon [_thread_blocked, id=3116, stack(0x0000009125400000,0x0000009125500000)]
  0x000001e6d83e9800 JavaThread "Sweeper thread" daemon [_thread_blocked, id=7840, stack(0x0000009125500000,0x0000009125600000)]
  0x000001e6d8306800 JavaThread "C1 CompilerThread1" daemon [_thread_blocked, id=13464, stack(0x0000009125600000,0x0000009125700000)]
  0x000001e6d85ae000 JavaThread "JDWP Transport Listener: dt_socket" daemon [_thread_blocked, id=3272, stack(0x0000009125700000,0x0000009125800000)]
  0x000001e6d85af800 JavaThread "JDWP Event Helper Thread" daemon [_thread_blocked, id=7056, stack(0x0000009125800000,0x0000009125900000)]
  0x000001e6d85b0000 JavaThread "JDWP Command Reader" daemon [_thread_in_native, id=3532, stack(0x0000009125900000,0x0000009125a00000)]
  0x000001e6d85bd000 JavaThread "Service Thread" daemon [_thread_blocked, id=8700, stack(0x0000009125a00000,0x0000009125b00000)]
  0x000001e6d85cb000 JavaThread "Common-Cleaner" daemon [_thread_blocked, id=7356, stack(0x0000009125c00000,0x0000009125d00000)]
  0x000001e6dbd69800 JavaThread "LWJGL Timer" daemon [_thread_blocked, id=2344, stack(0x0000009126100000,0x0000009126200000)]

Other Threads:
  0x000001e6d834a800 VMThread "VM Thread" [stack: 0x0000009124e00000,0x0000009124f00000] [id=15520]
  0x000001e6d85c3000 WatcherThread [stack: 0x0000009125b00000,0x0000009125c00000] [id=14464]
  0x000001e6b1c38800 GCTaskThread "GC Thread#0" [stack: 0x0000009124900000,0x0000009124a00000] [id=1432]
  0x000001e6b1c99800 ConcurrentGCThread "G1 Main Marker" [stack: 0x0000009124a00000,0x0000009124b00000] [id=12216]
  0x000001e6b1c9b000 ConcurrentGCThread "G1 Conc#0" [stack: 0x0000009124b00000,0x0000009124c00000] [id=1560]
  0x000001e6d7449800 ConcurrentGCThread "G1 Refine#0" [stack: 0x0000009124c00000,0x0000009124d00000] [id=15380]
  0x000001e6d744b800 ConcurrentGCThread "G1 Young RemSet Sampling" [stack: 0x0000009124d00000,0x0000009124e00000] [id=16364]

Threads with active compile tasks:

VM state:not at safepoint (normal execution)

VM Mutex/Monitor currently owned by a thread: None

Heap address: 0x0000000701c00000, size: 4068 MB, Compressed Oops mode: Zero based, Oop shift amount: 3
Narrow klass base: 0x0000000800000000, Narrow klass shift: 0
Compressed class space size: 1073741824 Address: 0x0000000800000000

Heap:
 garbage-first heap   total 262144K, used 8192K [0x0000000701c00000, 0x0000000800000000)
  region size 1024K, 9 young (9216K), 0 survivors (0K)
 Metaspace       used 8636K, capacity 8812K, committed 8960K, reserved 1056768K
  class space    used 675K, capacity 727K, committed 768K, reserved 1048576K
Heap Regions: E=young(eden), S=young(survivor), O=old, HS=humongous(starts), HC=humongous(continues), CS=collection set, F=free, A=archive, TAMS=top-at-mark-start (previous, next)
|   0|0x0000000701c00000, 0x0000000701c00000, 0x0000000701d00000|  0%| F|  |TAMS 0x0000000701c00000, 0x0000000701c00000| Untracked 
|   1|0x0000000701d00000, 0x0000000701d00000, 0x0000000701e00000|  0%| F|  |TAMS 0x0000000701d00000, 0x0000000701d00000| Untracked 
|   2|0x0000000701e00000, 0x0000000701e00000, 0x0000000701f00000|  0%| F|  |TAMS 0x0000000701e00000, 0x0000000701e00000| Untracked 
|   3|0x0000000701f00000, 0x0000000701f00000, 0x0000000702000000|  0%| F|  |TAMS 0x0000000701f00000, 0x0000000701f00000| Untracked 
|   4|0x0000000702000000, 0x0000000702000000, 0x0000000702100000|  0%| F|  |TAMS 0x0000000702000000, 0x0000000702000000| Untracked 
|   5|0x0000000702100000, 0x0000000702100000, 0x0000000702200000|  0%| F|  |TAMS 0x0000000702100000, 0x0000000702100000| Untracked 
|   6|0x0000000702200000, 0x0000000702200000, 0x0000000702300000|  0%| F|  |TAMS 0x0000000702200000, 0x0000000702200000| Untracked 
|   7|0x0000000702300000, 0x0000000702300000, 0x0000000702400000|  0%| F|  |TAMS 0x0000000702300000, 0x0000000702300000| Untracked 
|   8|0x0000000702400000, 0x0000000702400000, 0x0000000702500000|  0%| F|  |TAMS 0x0000000702400000, 0x0000000702400000| Untracked 
|   9|0x0000000702500000, 0x0000000702500000, 0x0000000702600000|  0%| F|  |TAMS 0x0000000702500000, 0x0000000702500000| Untracked 
|  10|0x0000000702600000, 0x0000000702600000, 0x0000000702700000|  0%| F|  |TAMS 0x0000000702600000, 0x0000000702600000| Untracked 
|  11|0x0000000702700000, 0x0000000702700000, 0x0000000702800000|  0%| F|  |TAMS 0x0000000702700000, 0x0000000702700000| Untracked 
|  12|0x0000000702800000, 0x0000000702800000, 0x0000000702900000|  0%| F|  |TAMS 0x0000000702800000, 0x0000000702800000| Untracked 
|  13|0x0000000702900000, 0x0000000702900000, 0x0000000702a00000|  0%| F|  |TAMS 0x0000000702900000, 0x0000000702900000| Untracked 
|  14|0x0000000702a00000, 0x0000000702a00000, 0x0000000702b00000|  0%| F|  |TAMS 0x0000000702a00000, 0x0000000702a00000| Untracked 
|  15|0x0000000702b00000, 0x0000000702b00000, 0x0000000702c00000|  0%| F|  |TAMS 0x0000000702b00000, 0x0000000702b00000| Untracked 
|  16|0x0000000702c00000, 0x0000000702c00000, 0x0000000702d00000|  0%| F|  |TAMS 0x0000000702c00000, 0x0000000702c00000| Untracked 
|  17|0x0000000702d00000, 0x0000000702d00000, 0x0000000702e00000|  0%| F|  |TAMS 0x0000000702d00000, 0x0000000702d00000| Untracked 
|  18|0x0000000702e00000, 0x0000000702e00000, 0x0000000702f00000|  0%| F|  |TAMS 0x0000000702e00000, 0x0000000702e00000| Untracked 
|  19|0x0000000702f00000, 0x0000000702f00000, 0x0000000703000000|  0%| F|  |TAMS 0x0000000702f00000, 0x0000000702f00000| Untracked 
|  20|0x0000000703000000, 0x0000000703000000, 0x0000000703100000|  0%| F|  |TAMS 0x0000000703000000, 0x0000000703000000| Untracked 
|  21|0x0000000703100000, 0x0000000703100000, 0x0000000703200000|  0%| F|  |TAMS 0x0000000703100000, 0x0000000703100000| Untracked 
|  22|0x0000000703200000, 0x0000000703200000, 0x0000000703300000|  0%| F|  |TAMS 0x0000000703200000, 0x0000000703200000| Untracked 
|  23|0x0000000703300000, 0x0000000703300000, 0x0000000703400000|  0%| F|  |TAMS 0x0000000703300000, 0x0000000703300000| Untracked 
|  24|0x0000000703400000, 0x0000000703400000, 0x0000000703500000|  0%| F|  |TAMS 0x0000000703400000, 0x0000000703400000| Untracked 
|  25|0x0000000703500000, 0x0000000703500000, 0x0000000703600000|  0%| F|  |TAMS 0x0000000703500000, 0x0000000703500000| Untracked 
|  26|0x0000000703600000, 0x0000000703600000, 0x0000000703700000|  0%| F|  |TAMS 0x0000000703600000, 0x0000000703600000| Untracked 
|  27|0x0000000703700000, 0x0000000703700000, 0x0000000703800000|  0%| F|  |TAMS 0x0000000703700000, 0x0000000703700000| Untracked 
|  28|0x0000000703800000, 0x0000000703800000, 0x0000000703900000|  0%| F|  |TAMS 0x0000000703800000, 0x0000000703800000| Untracked 
|  29|0x0000000703900000, 0x0000000703900000, 0x0000000703a00000|  0%| F|  |TAMS 0x0000000703900000, 0x0000000703900000| Untracked 
|  30|0x0000000703a00000, 0x0000000703a00000, 0x0000000703b00000|  0%| F|  |TAMS 0x0000000703a00000, 0x0000000703a00000| Untracked 
|  31|0x0000000703b00000, 0x0000000703b00000, 0x0000000703c00000|  0%| F|  |TAMS 0x0000000703b00000, 0x0000000703b00000| Untracked 
|  32|0x0000000703c00000, 0x0000000703c00000, 0x0000000703d00000|  0%| F|  |TAMS 0x0000000703c00000, 0x0000000703c00000| Untracked 
|  33|0x0000000703d00000, 0x0000000703d00000, 0x0000000703e00000|  0%| F|  |TAMS 0x0000000703d00000, 0x0000000703d00000| Untracked 
|  34|0x0000000703e00000, 0x0000000703e00000, 0x0000000703f00000|  0%| F|  |TAMS 0x0000000703e00000, 0x0000000703e00000| Untracked 
|  35|0x0000000703f00000, 0x0000000703f00000, 0x0000000704000000|  0%| F|  |TAMS 0x0000000703f00000, 0x0000000703f00000| Untracked 
|  36|0x0000000704000000, 0x0000000704000000, 0x0000000704100000|  0%| F|  |TAMS 0x0000000704000000, 0x0000000704000000| Untracked 
|  37|0x0000000704100000, 0x0000000704100000, 0x0000000704200000|  0%| F|  |TAMS 0x0000000704100000, 0x0000000704100000| Untracked 
|  38|0x0000000704200000, 0x0000000704200000, 0x0000000704300000|  0%| F|  |TAMS 0x0000000704200000, 0x0000000704200000| Untracked 
|  39|0x0000000704300000, 0x0000000704300000, 0x0000000704400000|  0%| F|  |TAMS 0x0000000704300000, 0x0000000704300000| Untracked 
|  40|0x0000000704400000, 0x0000000704400000, 0x0000000704500000|  0%| F|  |TAMS 0x0000000704400000, 0x0000000704400000| Untracked 
|  41|0x0000000704500000, 0x0000000704500000, 0x0000000704600000|  0%| F|  |TAMS 0x0000000704500000, 0x0000000704500000| Untracked 
|  42|0x0000000704600000, 0x0000000704600000, 0x0000000704700000|  0%| F|  |TAMS 0x0000000704600000, 0x0000000704600000| Untracked 
|  43|0x0000000704700000, 0x0000000704700000, 0x0000000704800000|  0%| F|  |TAMS 0x0000000704700000, 0x0000000704700000| Untracked 
|  44|0x0000000704800000, 0x0000000704800000, 0x0000000704900000|  0%| F|  |TAMS 0x0000000704800000, 0x0000000704800000| Untracked 
|  45|0x0000000704900000, 0x0000000704900000, 0x0000000704a00000|  0%| F|  |TAMS 0x0000000704900000, 0x0000000704900000| Untracked 
|  46|0x0000000704a00000, 0x0000000704a00000, 0x0000000704b00000|  0%| F|  |TAMS 0x0000000704a00000, 0x0000000704a00000| Untracked 
|  47|0x0000000704b00000, 0x0000000704b00000, 0x0000000704c00000|  0%| F|  |TAMS 0x0000000704b00000, 0x0000000704b00000| Untracked 
|  48|0x0000000704c00000, 0x0000000704c00000, 0x0000000704d00000|  0%| F|  |TAMS 0x0000000704c00000, 0x0000000704c00000| Untracked 
|  49|0x0000000704d00000, 0x0000000704d00000, 0x0000000704e00000|  0%| F|  |TAMS 0x0000000704d00000, 0x0000000704d00000| Untracked 
|  50|0x0000000704e00000, 0x0000000704e00000, 0x0000000704f00000|  0%| F|  |TAMS 0x0000000704e00000, 0x0000000704e00000| Untracked 
|  51|0x0000000704f00000, 0x0000000704f00000, 0x0000000705000000|  0%| F|  |TAMS 0x0000000704f00000, 0x0000000704f00000| Untracked 
|  52|0x0000000705000000, 0x0000000705000000, 0x0000000705100000|  0%| F|  |TAMS 0x0000000705000000, 0x0000000705000000| Untracked 
|  53|0x0000000705100000, 0x0000000705100000, 0x0000000705200000|  0%| F|  |TAMS 0x0000000705100000, 0x0000000705100000| Untracked 
|  54|0x0000000705200000, 0x0000000705200000, 0x0000000705300000|  0%| F|  |TAMS 0x0000000705200000, 0x0000000705200000| Untracked 
|  55|0x0000000705300000, 0x0000000705300000, 0x0000000705400000|  0%| F|  |TAMS 0x0000000705300000, 0x0000000705300000| Untracked 
|  56|0x0000000705400000, 0x0000000705400000, 0x0000000705500000|  0%| F|  |TAMS 0x0000000705400000, 0x0000000705400000| Untracked 
|  57|0x0000000705500000, 0x0000000705500000, 0x0000000705600000|  0%| F|  |TAMS 0x0000000705500000, 0x0000000705500000| Untracked 
|  58|0x0000000705600000, 0x0000000705600000, 0x0000000705700000|  0%| F|  |TAMS 0x0000000705600000, 0x0000000705600000| Untracked 
|  59|0x0000000705700000, 0x0000000705700000, 0x0000000705800000|  0%| F|  |TAMS 0x0000000705700000, 0x0000000705700000| Untracked 
|  60|0x0000000705800000, 0x0000000705800000, 0x0000000705900000|  0%| F|  |TAMS 0x0000000705800000, 0x0000000705800000| Untracked 
|  61|0x0000000705900000, 0x0000000705900000, 0x0000000705a00000|  0%| F|  |TAMS 0x0000000705900000, 0x0000000705900000| Untracked 
|  62|0x0000000705a00000, 0x0000000705a00000, 0x0000000705b00000|  0%| F|  |TAMS 0x0000000705a00000, 0x0000000705a00000| Untracked 
|  63|0x0000000705b00000, 0x0000000705b00000, 0x0000000705c00000|  0%| F|  |TAMS 0x0000000705b00000, 0x0000000705b00000| Untracked 
|  64|0x0000000705c00000, 0x0000000705c00000, 0x0000000705d00000|  0%| F|  |TAMS 0x0000000705c00000, 0x0000000705c00000| Untracked 
|  65|0x0000000705d00000, 0x0000000705d00000, 0x0000000705e00000|  0%| F|  |TAMS 0x0000000705d00000, 0x0000000705d00000| Untracked 
|  66|0x0000000705e00000, 0x0000000705e00000, 0x0000000705f00000|  0%| F|  |TAMS 0x0000000705e00000, 0x0000000705e00000| Untracked 
|  67|0x0000000705f00000, 0x0000000705f00000, 0x0000000706000000|  0%| F|  |TAMS 0x0000000705f00000, 0x0000000705f00000| Untracked 
|  68|0x0000000706000000, 0x0000000706000000, 0x0000000706100000|  0%| F|  |TAMS 0x0000000706000000, 0x0000000706000000| Untracked 
|  69|0x0000000706100000, 0x0000000706100000, 0x0000000706200000|  0%| F|  |TAMS 0x0000000706100000, 0x0000000706100000| Untracked 
|  70|0x0000000706200000, 0x0000000706200000, 0x0000000706300000|  0%| F|  |TAMS 0x0000000706200000, 0x0000000706200000| Untracked 
|  71|0x0000000706300000, 0x0000000706300000, 0x0000000706400000|  0%| F|  |TAMS 0x0000000706300000, 0x0000000706300000| Untracked 
|  72|0x0000000706400000, 0x0000000706400000, 0x0000000706500000|  0%| F|  |TAMS 0x0000000706400000, 0x0000000706400000| Untracked 
|  73|0x0000000706500000, 0x0000000706500000, 0x0000000706600000|  0%| F|  |TAMS 0x0000000706500000, 0x0000000706500000| Untracked 
|  74|0x0000000706600000, 0x0000000706600000, 0x0000000706700000|  0%| F|  |TAMS 0x0000000706600000, 0x0000000706600000| Untracked 
|  75|0x0000000706700000, 0x0000000706700000, 0x0000000706800000|  0%| F|  |TAMS 0x0000000706700000, 0x0000000706700000| Untracked 
|  76|0x0000000706800000, 0x0000000706800000, 0x0000000706900000|  0%| F|  |TAMS 0x0000000706800000, 0x0000000706800000| Untracked 
|  77|0x0000000706900000, 0x0000000706900000, 0x0000000706a00000|  0%| F|  |TAMS 0x0000000706900000, 0x0000000706900000| Untracked 
|  78|0x0000000706a00000, 0x0000000706a00000, 0x0000000706b00000|  0%| F|  |TAMS 0x0000000706a00000, 0x0000000706a00000| Untracked 
|  79|0x0000000706b00000, 0x0000000706b00000, 0x0000000706c00000|  0%| F|  |TAMS 0x0000000706b00000, 0x0000000706b00000| Untracked 
|  80|0x0000000706c00000, 0x0000000706c00000, 0x0000000706d00000|  0%| F|  |TAMS 0x0000000706c00000, 0x0000000706c00000| Untracked 
|  81|0x0000000706d00000, 0x0000000706d00000, 0x0000000706e00000|  0%| F|  |TAMS 0x0000000706d00000, 0x0000000706d00000| Untracked 
|  82|0x0000000706e00000, 0x0000000706e00000, 0x0000000706f00000|  0%| F|  |TAMS 0x0000000706e00000, 0x0000000706e00000| Untracked 
|  83|0x0000000706f00000, 0x0000000706f00000, 0x0000000707000000|  0%| F|  |TAMS 0x0000000706f00000, 0x0000000706f00000| Untracked 
|  84|0x0000000707000000, 0x0000000707000000, 0x0000000707100000|  0%| F|  |TAMS 0x0000000707000000, 0x0000000707000000| Untracked 
|  85|0x0000000707100000, 0x0000000707100000, 0x0000000707200000|  0%| F|  |TAMS 0x0000000707100000, 0x0000000707100000| Untracked 
|  86|0x0000000707200000, 0x0000000707200000, 0x0000000707300000|  0%| F|  |TAMS 0x0000000707200000, 0x0000000707200000| Untracked 
|  87|0x0000000707300000, 0x0000000707300000, 0x0000000707400000|  0%| F|  |TAMS 0x0000000707300000, 0x0000000707300000| Untracked 
|  88|0x0000000707400000, 0x0000000707400000, 0x0000000707500000|  0%| F|  |TAMS 0x0000000707400000, 0x0000000707400000| Untracked 
|  89|0x0000000707500000, 0x0000000707500000, 0x0000000707600000|  0%| F|  |TAMS 0x0000000707500000, 0x0000000707500000| Untracked 
|  90|0x0000000707600000, 0x0000000707600000, 0x0000000707700000|  0%| F|  |TAMS 0x0000000707600000, 0x0000000707600000| Untracked 
|  91|0x0000000707700000, 0x0000000707700000, 0x0000000707800000|  0%| F|  |TAMS 0x0000000707700000, 0x0000000707700000| Untracked 
|  92|0x0000000707800000, 0x0000000707800000, 0x0000000707900000|  0%| F|  |TAMS 0x0000000707800000, 0x0000000707800000| Untracked 
|  93|0x0000000707900000, 0x0000000707900000, 0x0000000707a00000|  0%| F|  |TAMS 0x0000000707900000, 0x0000000707900000| Untracked 
|  94|0x0000000707a00000, 0x0000000707a00000, 0x0000000707b00000|  0%| F|  |TAMS 0x0000000707a00000, 0x0000000707a00000| Untracked 
|  95|0x0000000707b00000, 0x0000000707b00000, 0x0000000707c00000|  0%| F|  |TAMS 0x0000000707b00000, 0x0000000707b00000| Untracked 
|  96|0x0000000707c00000, 0x0000000707c00000, 0x0000000707d00000|  0%| F|  |TAMS 0x0000000707c00000, 0x0000000707c00000| Untracked 
|  97|0x0000000707d00000, 0x0000000707d00000, 0x0000000707e00000|  0%| F|  |TAMS 0x0000000707d00000, 0x0000000707d00000| Untracked 
|  98|0x0000000707e00000, 0x0000000707e00000, 0x0000000707f00000|  0%| F|  |TAMS 0x0000000707e00000, 0x0000000707e00000| Untracked 
|  99|0x0000000707f00000, 0x0000000707f00000, 0x0000000708000000|  0%| F|  |TAMS 0x0000000707f00000, 0x0000000707f00000| Untracked 
| 100|0x0000000708000000, 0x0000000708000000, 0x0000000708100000|  0%| F|  |TAMS 0x0000000708000000, 0x0000000708000000| Untracked 
| 101|0x0000000708100000, 0x0000000708100000, 0x0000000708200000|  0%| F|  |TAMS 0x0000000708100000, 0x0000000708100000| Untracked 
| 102|0x0000000708200000, 0x0000000708200000, 0x0000000708300000|  0%| F|  |TAMS 0x0000000708200000, 0x0000000708200000| Untracked 
| 103|0x0000000708300000, 0x0000000708300000, 0x0000000708400000|  0%| F|  |TAMS 0x0000000708300000, 0x0000000708300000| Untracked 
| 104|0x0000000708400000, 0x0000000708400000, 0x0000000708500000|  0%| F|  |TAMS 0x0000000708400000, 0x0000000708400000| Untracked 
| 105|0x0000000708500000, 0x0000000708500000, 0x0000000708600000|  0%| F|  |TAMS 0x0000000708500000, 0x0000000708500000| Untracked 
| 106|0x0000000708600000, 0x0000000708600000, 0x0000000708700000|  0%| F|  |TAMS 0x0000000708600000, 0x0000000708600000| Untracked 
| 107|0x0000000708700000, 0x0000000708700000, 0x0000000708800000|  0%| F|  |TAMS 0x0000000708700000, 0x0000000708700000| Untracked 
| 108|0x0000000708800000, 0x0000000708800000, 0x0000000708900000|  0%| F|  |TAMS 0x0000000708800000, 0x0000000708800000| Untracked 
| 109|0x0000000708900000, 0x0000000708900000, 0x0000000708a00000|  0%| F|  |TAMS 0x0000000708900000, 0x0000000708900000| Untracked 
| 110|0x0000000708a00000, 0x0000000708a00000, 0x0000000708b00000|  0%| F|  |TAMS 0x0000000708a00000, 0x0000000708a00000| Untracked 
| 111|0x0000000708b00000, 0x0000000708b00000, 0x0000000708c00000|  0%| F|  |TAMS 0x0000000708b00000, 0x0000000708b00000| Untracked 
| 112|0x0000000708c00000, 0x0000000708c00000, 0x0000000708d00000|  0%| F|  |TAMS 0x0000000708c00000, 0x0000000708c00000| Untracked 
| 113|0x0000000708d00000, 0x0000000708d00000, 0x0000000708e00000|  0%| F|  |TAMS 0x0000000708d00000, 0x0000000708d00000| Untracked 
| 114|0x0000000708e00000, 0x0000000708e00000, 0x0000000708f00000|  0%| F|  |TAMS 0x0000000708e00000, 0x0000000708e00000| Untracked 
| 115|0x0000000708f00000, 0x0000000708f00000, 0x0000000709000000|  0%| F|  |TAMS 0x0000000708f00000, 0x0000000708f00000| Untracked 
| 116|0x0000000709000000, 0x0000000709000000, 0x0000000709100000|  0%| F|  |TAMS 0x0000000709000000, 0x0000000709000000| Untracked 
| 117|0x0000000709100000, 0x0000000709100000, 0x0000000709200000|  0%| F|  |TAMS 0x0000000709100000, 0x0000000709100000| Untracked 
| 118|0x0000000709200000, 0x0000000709200000, 0x0000000709300000|  0%| F|  |TAMS 0x0000000709200000, 0x0000000709200000| Untracked 
| 119|0x0000000709300000, 0x0000000709300000, 0x0000000709400000|  0%| F|  |TAMS 0x0000000709300000, 0x0000000709300000| Untracked 
| 120|0x0000000709400000, 0x0000000709400000, 0x0000000709500000|  0%| F|  |TAMS 0x0000000709400000, 0x0000000709400000| Untracked 
| 121|0x0000000709500000, 0x0000000709500000, 0x0000000709600000|  0%| F|  |TAMS 0x0000000709500000, 0x0000000709500000| Untracked 
| 122|0x0000000709600000, 0x0000000709600000, 0x0000000709700000|  0%| F|  |TAMS 0x0000000709600000, 0x0000000709600000| Untracked 
| 123|0x0000000709700000, 0x0000000709700000, 0x0000000709800000|  0%| F|  |TAMS 0x0000000709700000, 0x0000000709700000| Untracked 
| 124|0x0000000709800000, 0x0000000709800000, 0x0000000709900000|  0%| F|  |TAMS 0x0000000709800000, 0x0000000709800000| Untracked 
| 125|0x0000000709900000, 0x0000000709900000, 0x0000000709a00000|  0%| F|  |TAMS 0x0000000709900000, 0x0000000709900000| Untracked 
| 126|0x0000000709a00000, 0x0000000709a00000, 0x0000000709b00000|  0%| F|  |TAMS 0x0000000709a00000, 0x0000000709a00000| Untracked 
| 127|0x0000000709b00000, 0x0000000709b00000, 0x0000000709c00000|  0%| F|  |TAMS 0x0000000709b00000, 0x0000000709b00000| Untracked 
| 128|0x0000000709c00000, 0x0000000709c00000, 0x0000000709d00000|  0%| F|  |TAMS 0x0000000709c00000, 0x0000000709c00000| Untracked 
| 129|0x0000000709d00000, 0x0000000709d00000, 0x0000000709e00000|  0%| F|  |TAMS 0x0000000709d00000, 0x0000000709d00000| Untracked 
| 130|0x0000000709e00000, 0x0000000709e00000, 0x0000000709f00000|  0%| F|  |TAMS 0x0000000709e00000, 0x0000000709e00000| Untracked 
| 131|0x0000000709f00000, 0x0000000709f00000, 0x000000070a000000|  0%| F|  |TAMS 0x0000000709f00000, 0x0000000709f00000| Untracked 
| 132|0x000000070a000000, 0x000000070a000000, 0x000000070a100000|  0%| F|  |TAMS 0x000000070a000000, 0x000000070a000000| Untracked 
| 133|0x000000070a100000, 0x000000070a100000, 0x000000070a200000|  0%| F|  |TAMS 0x000000070a100000, 0x000000070a100000| Untracked 
| 134|0x000000070a200000, 0x000000070a200000, 0x000000070a300000|  0%| F|  |TAMS 0x000000070a200000, 0x000000070a200000| Untracked 
| 135|0x000000070a300000, 0x000000070a300000, 0x000000070a400000|  0%| F|  |TAMS 0x000000070a300000, 0x000000070a300000| Untracked 
| 136|0x000000070a400000, 0x000000070a400000, 0x000000070a500000|  0%| F|  |TAMS 0x000000070a400000, 0x000000070a400000| Untracked 
| 137|0x000000070a500000, 0x000000070a500000, 0x000000070a600000|  0%| F|  |TAMS 0x000000070a500000, 0x000000070a500000| Untracked 
| 138|0x000000070a600000, 0x000000070a600000, 0x000000070a700000|  0%| F|  |TAMS 0x000000070a600000, 0x000000070a600000| Untracked 
| 139|0x000000070a700000, 0x000000070a700000, 0x000000070a800000|  0%| F|  |TAMS 0x000000070a700000, 0x000000070a700000| Untracked 
| 140|0x000000070a800000, 0x000000070a800000, 0x000000070a900000|  0%| F|  |TAMS 0x000000070a800000, 0x000000070a800000| Untracked 
| 141|0x000000070a900000, 0x000000070a900000, 0x000000070aa00000|  0%| F|  |TAMS 0x000000070a900000, 0x000000070a900000| Untracked 
| 142|0x000000070aa00000, 0x000000070aa00000, 0x000000070ab00000|  0%| F|  |TAMS 0x000000070aa00000, 0x000000070aa00000| Untracked 
| 143|0x000000070ab00000, 0x000000070ab00000, 0x000000070ac00000|  0%| F|  |TAMS 0x000000070ab00000, 0x000000070ab00000| Untracked 
| 144|0x000000070ac00000, 0x000000070ac00000, 0x000000070ad00000|  0%| F|  |TAMS 0x000000070ac00000, 0x000000070ac00000| Untracked 
| 145|0x000000070ad00000, 0x000000070ad00000, 0x000000070ae00000|  0%| F|  |TAMS 0x000000070ad00000, 0x000000070ad00000| Untracked 
| 146|0x000000070ae00000, 0x000000070ae00000, 0x000000070af00000|  0%| F|  |TAMS 0x000000070ae00000, 0x000000070ae00000| Untracked 
| 147|0x000000070af00000, 0x000000070af00000, 0x000000070b000000|  0%| F|  |TAMS 0x000000070af00000, 0x000000070af00000| Untracked 
| 148|0x000000070b000000, 0x000000070b000000, 0x000000070b100000|  0%| F|  |TAMS 0x000000070b000000, 0x000000070b000000| Untracked 
| 149|0x000000070b100000, 0x000000070b100000, 0x000000070b200000|  0%| F|  |TAMS 0x000000070b100000, 0x000000070b100000| Untracked 
| 150|0x000000070b200000, 0x000000070b200000, 0x000000070b300000|  0%| F|  |TAMS 0x000000070b200000, 0x000000070b200000| Untracked 
| 151|0x000000070b300000, 0x000000070b300000, 0x000000070b400000|  0%| F|  |TAMS 0x000000070b300000, 0x000000070b300000| Untracked 
| 152|0x000000070b400000, 0x000000070b400000, 0x000000070b500000|  0%| F|  |TAMS 0x000000070b400000, 0x000000070b400000| Untracked 
| 153|0x000000070b500000, 0x000000070b500000, 0x000000070b600000|  0%| F|  |TAMS 0x000000070b500000, 0x000000070b500000| Untracked 
| 154|0x000000070b600000, 0x000000070b600000, 0x000000070b700000|  0%| F|  |TAMS 0x000000070b600000, 0x000000070b600000| Untracked 
| 155|0x000000070b700000, 0x000000070b700000, 0x000000070b800000|  0%| F|  |TAMS 0x000000070b700000, 0x000000070b700000| Untracked 
| 156|0x000000070b800000, 0x000000070b800000, 0x000000070b900000|  0%| F|  |TAMS 0x000000070b800000, 0x000000070b800000| Untracked 
| 157|0x000000070b900000, 0x000000070b900000, 0x000000070ba00000|  0%| F|  |TAMS 0x000000070b900000, 0x000000070b900000| Untracked 
| 158|0x000000070ba00000, 0x000000070ba00000, 0x000000070bb00000|  0%| F|  |TAMS 0x000000070ba00000, 0x000000070ba00000| Untracked 
| 159|0x000000070bb00000, 0x000000070bb00000, 0x000000070bc00000|  0%| F|  |TAMS 0x000000070bb00000, 0x000000070bb00000| Untracked 
| 160|0x000000070bc00000, 0x000000070bc00000, 0x000000070bd00000|  0%| F|  |TAMS 0x000000070bc00000, 0x000000070bc00000| Untracked 
| 161|0x000000070bd00000, 0x000000070bd00000, 0x000000070be00000|  0%| F|  |TAMS 0x000000070bd00000, 0x000000070bd00000| Untracked 
| 162|0x000000070be00000, 0x000000070be00000, 0x000000070bf00000|  0%| F|  |TAMS 0x000000070be00000, 0x000000070be00000| Untracked 
| 163|0x000000070bf00000, 0x000000070bf00000, 0x000000070c000000|  0%| F|  |TAMS 0x000000070bf00000, 0x000000070bf00000| Untracked 
| 164|0x000000070c000000, 0x000000070c000000, 0x000000070c100000|  0%| F|  |TAMS 0x000000070c000000, 0x000000070c000000| Untracked 
| 165|0x000000070c100000, 0x000000070c100000, 0x000000070c200000|  0%| F|  |TAMS 0x000000070c100000, 0x000000070c100000| Untracked 
| 166|0x000000070c200000, 0x000000070c200000, 0x000000070c300000|  0%| F|  |TAMS 0x000000070c200000, 0x000000070c200000| Untracked 
| 167|0x000000070c300000, 0x000000070c300000, 0x000000070c400000|  0%| F|  |TAMS 0x000000070c300000, 0x000000070c300000| Untracked 
| 168|0x000000070c400000, 0x000000070c400000, 0x000000070c500000|  0%| F|  |TAMS 0x000000070c400000, 0x000000070c400000| Untracked 
| 169|0x000000070c500000, 0x000000070c500000, 0x000000070c600000|  0%| F|  |TAMS 0x000000070c500000, 0x000000070c500000| Untracked 
| 170|0x000000070c600000, 0x000000070c600000, 0x000000070c700000|  0%| F|  |TAMS 0x000000070c600000, 0x000000070c600000| Untracked 
| 171|0x000000070c700000, 0x000000070c700000, 0x000000070c800000|  0%| F|  |TAMS 0x000000070c700000, 0x000000070c700000| Untracked 
| 172|0x000000070c800000, 0x000000070c800000, 0x000000070c900000|  0%| F|  |TAMS 0x000000070c800000, 0x000000070c800000| Untracked 
| 173|0x000000070c900000, 0x000000070c900000, 0x000000070ca00000|  0%| F|  |TAMS 0x000000070c900000, 0x000000070c900000| Untracked 
| 174|0x000000070ca00000, 0x000000070ca00000, 0x000000070cb00000|  0%| F|  |TAMS 0x000000070ca00000, 0x000000070ca00000| Untracked 
| 175|0x000000070cb00000, 0x000000070cb00000, 0x000000070cc00000|  0%| F|  |TAMS 0x000000070cb00000, 0x000000070cb00000| Untracked 
| 176|0x000000070cc00000, 0x000000070cc00000, 0x000000070cd00000|  0%| F|  |TAMS 0x000000070cc00000, 0x000000070cc00000| Untracked 
| 177|0x000000070cd00000, 0x000000070cd00000, 0x000000070ce00000|  0%| F|  |TAMS 0x000000070cd00000, 0x000000070cd00000| Untracked 
| 178|0x000000070ce00000, 0x000000070ce00000, 0x000000070cf00000|  0%| F|  |TAMS 0x000000070ce00000, 0x000000070ce00000| Untracked 
| 179|0x000000070cf00000, 0x000000070cf00000, 0x000000070d000000|  0%| F|  |TAMS 0x000000070cf00000, 0x000000070cf00000| Untracked 
| 180|0x000000070d000000, 0x000000070d000000, 0x000000070d100000|  0%| F|  |TAMS 0x000000070d000000, 0x000000070d000000| Untracked 
| 181|0x000000070d100000, 0x000000070d100000, 0x000000070d200000|  0%| F|  |TAMS 0x000000070d100000, 0x000000070d100000| Untracked 
| 182|0x000000070d200000, 0x000000070d200000, 0x000000070d300000|  0%| F|  |TAMS 0x000000070d200000, 0x000000070d200000| Untracked 
| 183|0x000000070d300000, 0x000000070d300000, 0x000000070d400000|  0%| F|  |TAMS 0x000000070d300000, 0x000000070d300000| Untracked 
| 184|0x000000070d400000, 0x000000070d400000, 0x000000070d500000|  0%| F|  |TAMS 0x000000070d400000, 0x000000070d400000| Untracked 
| 185|0x000000070d500000, 0x000000070d500000, 0x000000070d600000|  0%| F|  |TAMS 0x000000070d500000, 0x000000070d500000| Untracked 
| 186|0x000000070d600000, 0x000000070d600000, 0x000000070d700000|  0%| F|  |TAMS 0x000000070d600000, 0x000000070d600000| Untracked 
| 187|0x000000070d700000, 0x000000070d700000, 0x000000070d800000|  0%| F|  |TAMS 0x000000070d700000, 0x000000070d700000| Untracked 
| 188|0x000000070d800000, 0x000000070d800000, 0x000000070d900000|  0%| F|  |TAMS 0x000000070d800000, 0x000000070d800000| Untracked 
| 189|0x000000070d900000, 0x000000070d900000, 0x000000070da00000|  0%| F|  |TAMS 0x000000070d900000, 0x000000070d900000| Untracked 
| 190|0x000000070da00000, 0x000000070da00000, 0x000000070db00000|  0%| F|  |TAMS 0x000000070da00000, 0x000000070da00000| Untracked 
| 191|0x000000070db00000, 0x000000070db00000, 0x000000070dc00000|  0%| F|  |TAMS 0x000000070db00000, 0x000000070db00000| Untracked 
| 192|0x000000070dc00000, 0x000000070dc00000, 0x000000070dd00000|  0%| F|  |TAMS 0x000000070dc00000, 0x000000070dc00000| Untracked 
| 193|0x000000070dd00000, 0x000000070dd00000, 0x000000070de00000|  0%| F|  |TAMS 0x000000070dd00000, 0x000000070dd00000| Untracked 
| 194|0x000000070de00000, 0x000000070de00000, 0x000000070df00000|  0%| F|  |TAMS 0x000000070de00000, 0x000000070de00000| Untracked 
| 195|0x000000070df00000, 0x000000070df00000, 0x000000070e000000|  0%| F|  |TAMS 0x000000070df00000, 0x000000070df00000| Untracked 
| 196|0x000000070e000000, 0x000000070e000000, 0x000000070e100000|  0%| F|  |TAMS 0x000000070e000000, 0x000000070e000000| Untracked 
| 197|0x000000070e100000, 0x000000070e100000, 0x000000070e200000|  0%| F|  |TAMS 0x000000070e100000, 0x000000070e100000| Untracked 
| 198|0x000000070e200000, 0x000000070e200000, 0x000000070e300000|  0%| F|  |TAMS 0x000000070e200000, 0x000000070e200000| Untracked 
| 199|0x000000070e300000, 0x000000070e300000, 0x000000070e400000|  0%| F|  |TAMS 0x000000070e300000, 0x000000070e300000| Untracked 
| 200|0x000000070e400000, 0x000000070e400000, 0x000000070e500000|  0%| F|  |TAMS 0x000000070e400000, 0x000000070e400000| Untracked 
| 201|0x000000070e500000, 0x000000070e500000, 0x000000070e600000|  0%| F|  |TAMS 0x000000070e500000, 0x000000070e500000| Untracked 
| 202|0x000000070e600000, 0x000000070e600000, 0x000000070e700000|  0%| F|  |TAMS 0x000000070e600000, 0x000000070e600000| Untracked 
| 203|0x000000070e700000, 0x000000070e700000, 0x000000070e800000|  0%| F|  |TAMS 0x000000070e700000, 0x000000070e700000| Untracked 
| 204|0x000000070e800000, 0x000000070e800000, 0x000000070e900000|  0%| F|  |TAMS 0x000000070e800000, 0x000000070e800000| Untracked 
| 205|0x000000070e900000, 0x000000070e900000, 0x000000070ea00000|  0%| F|  |TAMS 0x000000070e900000, 0x000000070e900000| Untracked 
| 206|0x000000070ea00000, 0x000000070ea00000, 0x000000070eb00000|  0%| F|  |TAMS 0x000000070ea00000, 0x000000070ea00000| Untracked 
| 207|0x000000070eb00000, 0x000000070eb00000, 0x000000070ec00000|  0%| F|  |TAMS 0x000000070eb00000, 0x000000070eb00000| Untracked 
| 208|0x000000070ec00000, 0x000000070ec00000, 0x000000070ed00000|  0%| F|  |TAMS 0x000000070ec00000, 0x000000070ec00000| Untracked 
| 209|0x000000070ed00000, 0x000000070ed00000, 0x000000070ee00000|  0%| F|  |TAMS 0x000000070ed00000, 0x000000070ed00000| Untracked 
| 210|0x000000070ee00000, 0x000000070ee00000, 0x000000070ef00000|  0%| F|  |TAMS 0x000000070ee00000, 0x000000070ee00000| Untracked 
| 211|0x000000070ef00000, 0x000000070ef00000, 0x000000070f000000|  0%| F|  |TAMS 0x000000070ef00000, 0x000000070ef00000| Untracked 
| 212|0x000000070f000000, 0x000000070f000000, 0x000000070f100000|  0%| F|  |TAMS 0x000000070f000000, 0x000000070f000000| Untracked 
| 213|0x000000070f100000, 0x000000070f100000, 0x000000070f200000|  0%| F|  |TAMS 0x000000070f100000, 0x000000070f100000| Untracked 
| 214|0x000000070f200000, 0x000000070f200000, 0x000000070f300000|  0%| F|  |TAMS 0x000000070f200000, 0x000000070f200000| Untracked 
| 215|0x000000070f300000, 0x000000070f300000, 0x000000070f400000|  0%| F|  |TAMS 0x000000070f300000, 0x000000070f300000| Untracked 
| 216|0x000000070f400000, 0x000000070f400000, 0x000000070f500000|  0%| F|  |TAMS 0x000000070f400000, 0x000000070f400000| Untracked 
| 217|0x000000070f500000, 0x000000070f500000, 0x000000070f600000|  0%| F|  |TAMS 0x000000070f500000, 0x000000070f500000| Untracked 
| 218|0x000000070f600000, 0x000000070f600000, 0x000000070f700000|  0%| F|  |TAMS 0x000000070f600000, 0x000000070f600000| Untracked 
| 219|0x000000070f700000, 0x000000070f700000, 0x000000070f800000|  0%| F|  |TAMS 0x000000070f700000, 0x000000070f700000| Untracked 
| 220|0x000000070f800000, 0x000000070f800000, 0x000000070f900000|  0%| F|  |TAMS 0x000000070f800000, 0x000000070f800000| Untracked 
| 221|0x000000070f900000, 0x000000070f900000, 0x000000070fa00000|  0%| F|  |TAMS 0x000000070f900000, 0x000000070f900000| Untracked 
| 222|0x000000070fa00000, 0x000000070fa00000, 0x000000070fb00000|  0%| F|  |TAMS 0x000000070fa00000, 0x000000070fa00000| Untracked 
| 223|0x000000070fb00000, 0x000000070fb00000, 0x000000070fc00000|  0%| F|  |TAMS 0x000000070fb00000, 0x000000070fb00000| Untracked 
| 224|0x000000070fc00000, 0x000000070fc00000, 0x000000070fd00000|  0%| F|  |TAMS 0x000000070fc00000, 0x000000070fc00000| Untracked 
| 225|0x000000070fd00000, 0x000000070fd00000, 0x000000070fe00000|  0%| F|  |TAMS 0x000000070fd00000, 0x000000070fd00000| Untracked 
| 226|0x000000070fe00000, 0x000000070fe00000, 0x000000070ff00000|  0%| F|  |TAMS 0x000000070fe00000, 0x000000070fe00000| Untracked 
| 227|0x000000070ff00000, 0x000000070ff00000, 0x0000000710000000|  0%| F|  |TAMS 0x000000070ff00000, 0x000000070ff00000| Untracked 
| 228|0x0000000710000000, 0x0000000710000000, 0x0000000710100000|  0%| F|  |TAMS 0x0000000710000000, 0x0000000710000000| Untracked 
| 229|0x0000000710100000, 0x0000000710100000, 0x0000000710200000|  0%| F|  |TAMS 0x0000000710100000, 0x0000000710100000| Untracked 
| 230|0x0000000710200000, 0x0000000710200000, 0x0000000710300000|  0%| F|  |TAMS 0x0000000710200000, 0x0000000710200000| Untracked 
| 231|0x0000000710300000, 0x0000000710300000, 0x0000000710400000|  0%| F|  |TAMS 0x0000000710300000, 0x0000000710300000| Untracked 
| 232|0x0000000710400000, 0x0000000710400000, 0x0000000710500000|  0%| F|  |TAMS 0x0000000710400000, 0x0000000710400000| Untracked 
| 233|0x0000000710500000, 0x0000000710500000, 0x0000000710600000|  0%| F|  |TAMS 0x0000000710500000, 0x0000000710500000| Untracked 
| 234|0x0000000710600000, 0x0000000710600000, 0x0000000710700000|  0%| F|  |TAMS 0x0000000710600000, 0x0000000710600000| Untracked 
| 235|0x0000000710700000, 0x0000000710700000, 0x0000000710800000|  0%| F|  |TAMS 0x0000000710700000, 0x0000000710700000| Untracked 
| 236|0x0000000710800000, 0x0000000710800000, 0x0000000710900000|  0%| F|  |TAMS 0x0000000710800000, 0x0000000710800000| Untracked 
| 237|0x0000000710900000, 0x0000000710900000, 0x0000000710a00000|  0%| F|  |TAMS 0x0000000710900000, 0x0000000710900000| Untracked 
| 238|0x0000000710a00000, 0x0000000710a00000, 0x0000000710b00000|  0%| F|  |TAMS 0x0000000710a00000, 0x0000000710a00000| Untracked 
| 239|0x0000000710b00000, 0x0000000710b00000, 0x0000000710c00000|  0%| F|  |TAMS 0x0000000710b00000, 0x0000000710b00000| Untracked 
| 240|0x0000000710c00000, 0x0000000710c00000, 0x0000000710d00000|  0%| F|  |TAMS 0x0000000710c00000, 0x0000000710c00000| Untracked 
| 241|0x0000000710d00000, 0x0000000710d00000, 0x0000000710e00000|  0%| F|  |TAMS 0x0000000710d00000, 0x0000000710d00000| Untracked 
| 242|0x0000000710e00000, 0x0000000710e00000, 0x0000000710f00000|  0%| F|  |TAMS 0x0000000710e00000, 0x0000000710e00000| Untracked 
| 243|0x0000000710f00000, 0x0000000710f00000, 0x0000000711000000|  0%| F|  |TAMS 0x0000000710f00000, 0x0000000710f00000| Untracked 
| 244|0x0000000711000000, 0x0000000711000000, 0x0000000711100000|  0%| F|  |TAMS 0x0000000711000000, 0x0000000711000000| Untracked 
| 245|0x0000000711100000, 0x0000000711100000, 0x0000000711200000|  0%| F|  |TAMS 0x0000000711100000, 0x0000000711100000| Untracked 
| 246|0x0000000711200000, 0x0000000711200000, 0x0000000711300000|  0%| F|  |TAMS 0x0000000711200000, 0x0000000711200000| Untracked 
| 247|0x0000000711300000, 0x0000000711400000, 0x0000000711400000|100%| E|  |TAMS 0x0000000711300000, 0x0000000711300000| Complete 
| 248|0x0000000711400000, 0x0000000711500000, 0x0000000711500000|100%| E|CS|TAMS 0x0000000711400000, 0x0000000711400000| Complete 
| 249|0x0000000711500000, 0x0000000711600000, 0x0000000711600000|100%| E|CS|TAMS 0x0000000711500000, 0x0000000711500000| Complete 
| 250|0x0000000711600000, 0x0000000711700000, 0x0000000711700000|100%| E|CS|TAMS 0x0000000711600000, 0x0000000711600000| Complete 
| 251|0x0000000711700000, 0x0000000711800000, 0x0000000711800000|100%| E|CS|TAMS 0x0000000711700000, 0x0000000711700000| Complete 
| 252|0x0000000711800000, 0x0000000711900000, 0x0000000711900000|100%| E|CS|TAMS 0x0000000711800000, 0x0000000711800000| Complete 
| 253|0x0000000711900000, 0x0000000711a00000, 0x0000000711a00000|100%| E|CS|TAMS 0x0000000711900000, 0x0000000711900000| Complete 
| 254|0x0000000711a00000, 0x0000000711b00000, 0x0000000711b00000|100%| E|CS|TAMS 0x0000000711a00000, 0x0000000711a00000| Complete 
| 255|0x0000000711b00000, 0x0000000711c00000, 0x0000000711c00000|100%| E|CS|TAMS 0x0000000711b00000, 0x0000000711b00000| Complete 

Card table byte_map: [0x000001e6cae50000,0x000001e6cb650000] _byte_map_base: 0x000001e6c7642000

Marking Bits (Prev, Next): (CMBitMap*) 0x000001e6b1c88b48, (CMBitMap*) 0x000001e6b1c88b80
 Prev Bits: [0x000001e6cbe50000, 0x000001e6cfde0000)
 Next Bits: [0x000001e6cfde0000, 0x000001e6d3d70000)

Polling page: 0x000001e6b1400000

Metaspace:

Usage:
  Non-class:      7.90 MB capacity,     7.77 MB ( 98%) used,   119.29 KB (  1%) free+waste,     5.13 KB ( <1%) overhead. 
      Class:    727.00 KB capacity,   675.58 KB ( 93%) used,    49.86 KB (  7%) free+waste,     1.56 KB ( <1%) overhead. 
       Both:      8.61 MB capacity,     8.43 MB ( 98%) used,   169.15 KB (  2%) free+waste,     6.69 KB ( <1%) overhead. 

Virtual space:
  Non-class space:        8.00 MB reserved,       8.00 MB (100%) committed 
      Class space:        1.00 GB reserved,     768.00 KB ( <1%) committed 
             Both:        1.01 GB reserved,       8.75 MB ( <1%) committed 

Chunk freelists:
   Non-Class:  107.00 KB
       Class:  9.00 KB
        Both:  116.00 KB

MaxMetaspaceSize: 17179869184.00 GB
CompressedClassSpaceSize: 1.00 GB

CodeHeap 'non-profiled nmethods': size=118912Kb used=183Kb max_used=183Kb free=118728Kb
 bounds [0x000001e6c1ef0000, 0x000001e6c2160000, 0x000001e6c9310000]
CodeHeap 'profiled nmethods': size=118848Kb used=1301Kb max_used=1301Kb free=117546Kb
 bounds [0x000001e6baae0000, 0x000001e6bad50000, 0x000001e6c1ef0000]
CodeHeap 'non-nmethods': size=8000Kb used=1780Kb max_used=3485Kb free=6219Kb
 bounds [0x000001e6ba310000, 0x000001e6ba680000, 0x000001e6baae0000]
 total_blobs=1145 nmethods=682 adapters=382
 compilation: enabled
              stopped_count=0, restarted_count=0
 full_count=0

Compilation events (20 events):
Event: 2.605 Thread 0x000001e6dbc5a800 nmethod 668 0x000001e6bac1b190 code [0x000001e6bac1b3e0, 0x000001e6bac1bb38]
Event: 2.607 Thread 0x000001e6dbc59800 nmethod 663 0x000001e6bac1be10 code [0x000001e6bac1c680, 0x000001e6bac20c88]
Event: 2.802 Thread 0x000001e6d83da800  671       3       org.lwjgl.opengl.Sync$RunningAvg::dampenForLowResTicker (42 bytes)
Event: 2.802 Thread 0x000001e6d83da800 nmethod 671 0x000001e6bac22690 code [0x000001e6bac22880, 0x000001e6bac22ae8]
Event: 3.036 Thread 0x000001e6d83cf000  672       4       org.lwjgl.util.vector.Matrix4f::setIdentity (82 bytes)
Event: 3.037 Thread 0x000001e6d83cf000 nmethod 672 0x000001e6c1f1c990 code [0x000001e6c1f1cb20, 0x000001e6c1f1cbf8]
Event: 3.662 Thread 0x000001e6d8306800  673       3       org.lwjgl.opengl.WindowsKeyboard::flushRetained (37 bytes)
Event: 3.662 Thread 0x000001e6d8306800 nmethod 673 0x000001e6bac22c10 code [0x000001e6bac22dc0, 0x000001e6bac22f68]
Event: 3.663 Thread 0x000001e6d83da800  676       3       com.maykov.game.beepboop.shader.ShaderProgram::start (8 bytes)
Event: 3.664 Thread 0x000001e6d83da800 nmethod 676 0x000001e6bac23010 code [0x000001e6bac23260, 0x000001e6bac23a58]
Event: 3.664 Thread 0x000001e6d8306800  679       3       org.lwjgl.opengl.FastIntMap::get (40 bytes)
Event: 3.664 Thread 0x000001e6d83da800  678       3       org.lwjgl.opengl.StateTracker::getElementArrayBufferBound (38 bytes)
Event: 3.664 Thread 0x000001e6d8306800 nmethod 679 0x000001e6bac23d90 code [0x000001e6bac23f60, 0x000001e6bac24278]
Event: 3.664 Thread 0x000001e6d8306800  680       3       com.maykov.game.beepboop.gui.DisplayManager::updateDisplay (9 bytes)
Event: 3.664 Thread 0x000001e6d83da800 nmethod 678 0x000001e6bac24410 code [0x000001e6bac24600, 0x000001e6bac249a8]
Event: 3.664 Thread 0x000001e6d8306800 nmethod 680 0x000001e6bac24c10 code [0x000001e6bac24de0, 0x000001e6bac24fd8]
Event: 3.664 Thread 0x000001e6d83da800  681       3       org.lwjgl.opengl.Display::sync (5 bytes)
Event: 3.664 Thread 0x000001e6d83da800 nmethod 681 0x000001e6bac25110 code [0x000001e6bac252c0, 0x000001e6bac253c8]
Event: 4.104 Thread 0x000001e6d83cf000  682       4       java.nio.Buffer::limit (65 bytes)
Event: 4.104 Thread 0x000001e6d83cf000 nmethod 682 0x000001e6c1f1d990 code [0x000001e6c1f1db20, 0x000001e6c1f1dbf8]

GC Heap History (0 events):
No events

Deoptimization events (8 events):
Event: 0.095 Thread 0x000001e6afb5c000 Uncommon trap: trap_request=0xffffff4d fr.pc=0x000001e6c1ef4a1c relative=0x00000000000001fc
Event: 0.095 Thread 0x000001e6afb5c000 Uncommon trap: reason=unstable_if action=reinterpret pc=0x000001e6c1ef4a1c method=java.lang.String.hashCode()I @ 14 c2
Event: 0.095 Thread 0x000001e6afb5c000 DEOPT PACKING pc=0x000001e6c1ef4a1c sp=0x00000091248fd3a0
Event: 0.095 Thread 0x000001e6afb5c000 DEOPT UNPACKING pc=0x000001e6ba34be2f sp=0x00000091248fd348 mode 2
Event: 0.760 Thread 0x000001e6afb5c000 DEOPT PACKING pc=0x000001e6babe7792 sp=0x00000091248feee0
Event: 0.760 Thread 0x000001e6afb5c000 DEOPT UNPACKING pc=0x000001e6ba34bc4e sp=0x00000091248fe468 mode 0
Event: 0.777 Thread 0x000001e6afb5c000 DEOPT PACKING pc=0x000001e6babe7792 sp=0x00000091248feee0
Event: 0.777 Thread 0x000001e6afb5c000 DEOPT UNPACKING pc=0x000001e6ba34bc4e sp=0x00000091248fe468 mode 0

Classes redefined (0 events):
No events

Internal exceptions (0 events):
No events

Events (20 events):
Event: 0.511 Loaded shared library D:\Users\Ivan\Documents\code\BeepBoop\lib\native\lwjgl64.dll
Event: 0.518 Loaded shared library C:\Program Files\AdoptOpenJDK\jdk-11.0.9.101-hotspot\bin\java.dll
Event: 0.653 Thread 0x000001e6dbd04800 Thread exited: 0x000001e6dbd04800
Event: 0.653 Thread 0x000001e6dbd03800 Thread exited: 0x000001e6dbd03800
Event: 0.858 Loaded shared library C:\Program Files\AdoptOpenJDK\jdk-11.0.9.101-hotspot\bin\java.dll
Event: 1.529 Loaded shared library D:\Users\Ivan\Documents\code\BeepBoop\lib\native\lwjgl64.dll
Event: 1.530 Loaded shared library D:\Users\Ivan\Documents\code\BeepBoop\lib\native\lwjgl64.dll
Event: 1.537 Loaded shared library D:\Users\Ivan\Documents\code\BeepBoop\lib\native\lwjgl64.dll
Event: 1.538 Loaded shared library D:\Users\Ivan\Documents\code\BeepBoop\lib\native\lwjgl64.dll
Event: 1.539 Loaded shared library D:\Users\Ivan\Documents\code\BeepBoop\lib\native\lwjgl64.dll
Event: 2.569 Thread 0x000001e6dbc5b800 Thread exited: 0x000001e6dbc5b800
Event: 2.587 Loaded shared library D:\Users\Ivan\Documents\code\BeepBoop\lib\native\lwjgl64.dll
Event: 2.604 Loaded shared library D:\Users\Ivan\Documents\code\BeepBoop\lib\native\lwjgl64.dll
Event: 2.605 Loaded shared library D:\Users\Ivan\Documents\code\BeepBoop\lib\native\lwjgl64.dll
Event: 2.606 Loaded shared library D:\Users\Ivan\Documents\code\BeepBoop\lib\native\lwjgl64.dll
Event: 3.662 Thread 0x000001e6dbc5a800 Thread exited: 0x000001e6dbc5a800
Event: 3.662 Thread 0x000001e6dbc59800 Thread exited: 0x000001e6dbc59800
Event: 3.662 Loaded shared library D:\Users\Ivan\Documents\code\BeepBoop\lib\native\lwjgl64.dll
Event: 3.663 Loaded shared library D:\Users\Ivan\Documents\code\BeepBoop\lib\native\lwjgl64.dll
Event: 3.664 Loaded shared library D:\Users\Ivan\Documents\code\BeepBoop\lib\native\lwjgl64.dll


Dynamic libraries:
0x00007ff7e01d0000 - 0x00007ff7e01dd000 	C:\Program Files\AdoptOpenJDK\jdk-11.0.9.101-hotspot\bin\java.exe
0x00007ff865890000 - 0x00007ff865a86000 	C:\Windows\SYSTEM32\ntdll.dll
0x00007ff8639b0000 - 0x00007ff863a6d000 	C:\Windows\System32\KERNEL32.DLL
0x00007ff8632d0000 - 0x00007ff863599000 	C:\Windows\System32\KERNELBASE.dll
0x00007ff8637f0000 - 0x00007ff8638f0000 	C:\Windows\System32\ucrtbase.dll
0x00007ff84e090000 - 0x00007ff84e0a5000 	C:\Program Files\AdoptOpenJDK\jdk-11.0.9.101-hotspot\bin\VCRUNTIME140.dll
0x00007ff84d610000 - 0x00007ff84d627000 	C:\Program Files\AdoptOpenJDK\jdk-11.0.9.101-hotspot\bin\jli.dll
0x00007ff865430000 - 0x00007ff8655d0000 	C:\Windows\System32\USER32.dll
0x00007ff8637c0000 - 0x00007ff8637e2000 	C:\Windows\System32\win32u.dll
0x00007ff8655d0000 - 0x00007ff8655fa000 	C:\Windows\System32\GDI32.dll
0x00007ff8545e0000 - 0x00007ff85487b000 	C:\Windows\WinSxS\amd64_microsoft.windows.common-controls_6595b64144ccf1df_6.0.19041.746_none_ca02b4b61b8320a4\COMCTL32.dll
0x00007ff862fd0000 - 0x00007ff8630db000 	C:\Windows\System32\gdi32full.dll
0x00007ff863a70000 - 0x00007ff863b0e000 	C:\Windows\System32\msvcrt.dll
0x00007ff8635a0000 - 0x00007ff86363d000 	C:\Windows\System32\msvcp_win.dll
0x00007ff8656f0000 - 0x00007ff865720000 	C:\Windows\System32\IMM32.DLL
0x00007ff824210000 - 0x00007ff8242ab000 	C:\Program Files\AdoptOpenJDK\jdk-11.0.9.101-hotspot\bin\msvcp140.dll
0x00007ff8119f0000 - 0x00007ff812533000 	C:\Program Files\AdoptOpenJDK\jdk-11.0.9.101-hotspot\bin\server\jvm.dll
0x00007ff865020000 - 0x00007ff8650cc000 	C:\Windows\System32\ADVAPI32.dll
0x00007ff8638f0000 - 0x00007ff86398c000 	C:\Windows\System32\sechost.dll
0x00007ff8646b0000 - 0x00007ff8647db000 	C:\Windows\System32\RPCRT4.dll
0x00007ff863bc0000 - 0x00007ff863bc8000 	C:\Windows\System32\PSAPI.DLL
0x00007ff85b100000 - 0x00007ff85b127000 	C:\Windows\SYSTEM32\WINMM.dll
0x00007ff84ed10000 - 0x00007ff84ed19000 	C:\Windows\SYSTEM32\WSOCK32.dll
0x00007ff85c090000 - 0x00007ff85c09a000 	C:\Windows\SYSTEM32\VERSION.dll
0x00007ff864c50000 - 0x00007ff864cbb000 	C:\Windows\System32\WS2_32.dll
0x00007ff860f50000 - 0x00007ff860f62000 	C:\Windows\SYSTEM32\kernel.appcore.dll
0x00007ff84e990000 - 0x00007ff84e9a0000 	C:\Program Files\AdoptOpenJDK\jdk-11.0.9.101-hotspot\bin\verify.dll
0x00007ff852060000 - 0x00007ff852244000 	C:\Windows\SYSTEM32\DBGHELP.DLL
0x00007ff851f00000 - 0x00007ff851f2c000 	C:\Windows\SYSTEM32\dbgcore.DLL
0x00007ff863740000 - 0x00007ff8637c0000 	C:\Windows\System32\bcryptPrimitives.dll
0x00007ff844150000 - 0x00007ff844178000 	C:\Program Files\AdoptOpenJDK\jdk-11.0.9.101-hotspot\bin\java.dll
0x00007ff84d5b0000 - 0x00007ff84d5ba000 	C:\Program Files\AdoptOpenJDK\jdk-11.0.9.101-hotspot\bin\jimage.dll
0x00007ff84b470000 - 0x00007ff84b4a8000 	C:\Program Files\AdoptOpenJDK\jdk-11.0.9.101-hotspot\bin\jdwp.dll
0x00007ff84c1e0000 - 0x00007ff84c1f7000 	C:\Program Files\AdoptOpenJDK\jdk-11.0.9.101-hotspot\bin\zip.dll
0x00007ff863cf0000 - 0x00007ff864433000 	C:\Windows\System32\SHELL32.dll
0x00007ff861150000 - 0x00007ff8618df000 	C:\Windows\SYSTEM32\windows.storage.dll
0x00007ff864cc0000 - 0x00007ff865016000 	C:\Windows\System32\combase.dll
0x00007ff862a30000 - 0x00007ff862a5c000 	C:\Windows\SYSTEM32\Wldp.dll
0x00007ff863c40000 - 0x00007ff863cee000 	C:\Windows\System32\SHCORE.dll
0x00007ff863be0000 - 0x00007ff863c35000 	C:\Windows\System32\shlwapi.dll
0x00007ff862f00000 - 0x00007ff862f26000 	C:\Windows\SYSTEM32\profapi.dll
0x00007ff8534e0000 - 0x00007ff8534ea000 	C:\Program Files\AdoptOpenJDK\jdk-11.0.9.101-hotspot\bin\dt_socket.dll
0x00007ff8627b0000 - 0x00007ff86281a000 	C:\Windows\System32\mswsock.dll
0x00007ff8624a0000 - 0x00007ff86256b000 	C:\Windows\SYSTEM32\DNSAPI.dll
0x00007ff862450000 - 0x00007ff86248b000 	C:\Windows\SYSTEM32\IPHLPAPI.DLL
0x00007ff865300000 - 0x00007ff865308000 	C:\Windows\System32\NSI.dll
0x00007ff85bea0000 - 0x00007ff85bf1f000 	C:\Windows\System32\fwpuclnt.dll
0x00007ff8630e0000 - 0x00007ff863107000 	C:\Windows\System32\bcrypt.dll
0x00007ff85cbd0000 - 0x00007ff85cbda000 	C:\Windows\System32\rasadhlp.dll
0x00007ff84b1f0000 - 0x00007ff84b209000 	C:\Program Files\AdoptOpenJDK\jdk-11.0.9.101-hotspot\bin\net.dll
0x00007ff85ca90000 - 0x00007ff85cb90000 	C:\Windows\SYSTEM32\WINHTTP.dll
0x00007ff84afd0000 - 0x00007ff84afe2000 	C:\Program Files\AdoptOpenJDK\jdk-11.0.9.101-hotspot\bin\nio.dll
0x0000000180000000 - 0x0000000180051000 	D:\Users\Ivan\Documents\code\BeepBoop\lib\native\lwjgl64.dll
0x00007ff821e30000 - 0x00007ff821f55000 	C:\Windows\SYSTEM32\OPENGL32.dll
0x00007ff84f750000 - 0x00007ff84f77c000 	C:\Windows\SYSTEM32\GLU32.dll
0x00007ff85cca0000 - 0x00007ff85cd4e000 	C:\Windows\SYSTEM32\mscms.dll
0x00007ff85cb90000 - 0x00007ff85cba1000 	C:\Windows\SYSTEM32\ColorAdapterClient.dll
0x00007ff865720000 - 0x00007ff8657ed000 	C:\Windows\System32\OLEAUT32.dll
0x00007ff862ec0000 - 0x00007ff862eee000 	C:\Windows\SYSTEM32\USERENV.dll
0x00007ff863b10000 - 0x00007ff863bb9000 	C:\Windows\System32\clbcatq.dll
0x00007ff83fd80000 - 0x00007ff83fdc3000 	C:\Windows\System32\Windows.Internal.Graphics.Display.DisplayColorManagement.dll
0x00007ff863640000 - 0x00007ff86368e000 	C:\Windows\System32\cfgmgr32.dll
0x00007ff8609f0000 - 0x00007ff860a8e000 	C:\Windows\system32\uxtheme.dll
0x00007ff865310000 - 0x00007ff865426000 	C:\Windows\System32\MSCTF.dll
0x00007ff85dc90000 - 0x00007ff85dd8b000 	C:\Windows\System32\AppXDeploymentClient.dll
0x00007ff84d7c0000 - 0x00007ff84d7ea000 	C:\Windows\System32\DriverStore\FileRepository\u0360470.inf_amd64_35c64671e7fac064\B360357\atig6pxx.dll
0x00007ff80db20000 - 0x00007ff810807000 	C:\Windows\System32\DriverStore\FileRepository\u0360470.inf_amd64_35c64671e7fac064\B360357\atio6axx.dll
0x00007ff8647e0000 - 0x00007ff864c47000 	C:\Windows\System32\SETUPAPI.dll
0x00007ff864440000 - 0x00007ff86456a000 	C:\Windows\System32\ole32.dll
0x00007ff845080000 - 0x00007ff8450a4000 	C:\Windows\SYSTEM32\dxva2.dll
0x00007ff860d70000 - 0x00007ff860d9f000 	C:\Windows\SYSTEM32\dwmapi.dll
0x00007ff843ad0000 - 0x00007ff843b0c000 	C:\Windows\System32\DriverStore\FileRepository\u0360470.inf_amd64_35c64671e7fac064\B360357\atig6txx.dll
0x00007ff84c020000 - 0x00007ff84c1d9000 	C:\Windows\SYSTEM32\atiadlxx.dll
0x00007ff85e780000 - 0x00007ff85e877000 	C:\Windows\SYSTEM32\PROPSYS.dll
0x00007ff862d70000 - 0x00007ff862d9c000 	C:\Windows\SYSTEM32\DEVOBJ.dll
0x00007ff863270000 - 0x00007ff8632d0000 	C:\Windows\System32\WINTRUST.dll
0x00007ff863110000 - 0x00007ff863266000 	C:\Windows\System32\CRYPT32.dll
0x00007ff862bb0000 - 0x00007ff862bc2000 	C:\Windows\SYSTEM32\MSASN1.dll
0x00007ff85b5f0000 - 0x00007ff85b62b000 	C:\Windows\SYSTEM32\dxcore.dll
0x00007ff858ad0000 - 0x00007ff858bcb000 	C:\Windows\SYSTEM32\textinputframework.dll
0x00007ff860330000 - 0x00007ff86068e000 	C:\Windows\System32\CoreUIComponents.dll
0x00007ff860690000 - 0x00007ff860782000 	C:\Windows\System32\CoreMessaging.dll
0x00007ff861d10000 - 0x00007ff861d43000 	C:\Windows\SYSTEM32\ntmarta.dll
0x00007ff85ed70000 - 0x00007ff85eec4000 	C:\Windows\SYSTEM32\wintypes.dll
0x00007ff84b100000 - 0x00007ff84b143000 	C:\Windows\SYSTEM32\icm32.dll
0x00007ff811410000 - 0x00007ff8115a9000 	C:\Program Files\AdoptOpenJDK\jdk-11.0.9.101-hotspot\bin\awt.dll
0x00007ff8608c0000 - 0x00007ff860950000 	C:\Windows\SYSTEM32\apphelp.dll

dbghelp: loaded successfully - version: 4.0.5 - missing functions: none
symbol engine: initialized successfully - sym options: 0x614 - pdb path: .;C:\Program Files\AdoptOpenJDK\jdk-11.0.9.101-hotspot\bin;C:\Windows\SYSTEM32;C:\Windows\WinSxS\amd64_microsoft.windows.common-controls_6595b64144ccf1df_6.0.19041.746_none_ca02b4b61b8320a4;C:\Program Files\AdoptOpenJDK\jdk-11.0.9.101-hotspot\bin\server;D:\Users\Ivan\Documents\code\BeepBoop\lib\native;C:\Windows\System32\DriverStore\FileRepository\u0360470.inf_amd64_35c64671e7fac064\B360357

VM Arguments:
jvm_args: -agentlib:jdwp=transport=dt_socket,server=n,suspend=y,address=localhost:52396 -Djava.library.path=lib/native -Dfile.encoding=UTF-8 
java_command: com.maykov.game.beepboop.App
java_class_path (initial): D:\Users\Ivan\Documents\code\BeepBoop\target\classes;D:\Users\Ivan\Documents\code\BeepBoop\lib\slick-util.jar;C:\Users\Ivan\.m2\repository\org\lwjgl\lwjgl\lwjgl\2.9.3\lwjgl-2.9.3.jar;C:\Users\Ivan\.m2\repository\org\lwjgl\lwjgl\lwjgl-platform\2.9.3\lwjgl-platform-2.9.3-natives-windows.jar;C:\Users\Ivan\.m2\repository\org\lwjgl\lwjgl\lwjgl-platform\2.9.3\lwjgl-platform-2.9.3-natives-linux.jar;C:\Users\Ivan\.m2\repository\org\lwjgl\lwjgl\lwjgl-platform\2.9.3\lwjgl-platform-2.9.3-natives-osx.jar;C:\Users\Ivan\.m2\repository\net\java\jinput\jinput\2.0.5\jinput-2.0.5.jar;C:\Users\Ivan\.m2\repository\net\java\jutils\jutils\1.0.0\jutils-1.0.0.jar;C:\Users\Ivan\.m2\repository\net\java\jinput\jinput-platform\2.0.5\jinput-platform-2.0.5-natives-linux.jar;C:\Users\Ivan\.m2\repository\net\java\jinput\jinput-platform\2.0.5\jinput-platform-2.0.5-natives-windows.jar;C:\Users\Ivan\.m2\repository\net\java\jinput\jinput-platform\2.0.5\jinput-platform-2.0.5-natives-osx.jar;C:\Users\Ivan\.m2\repository\org\lwjgl\lwjgl\lwjgl_util\2.9.3\lwjgl_util-2.9.3.jar
Launcher Type: SUN_STANDARD

[Global flags]
     intx CICompilerCount                          = 15                                        {product} {ergonomic}
     uint ConcGCThreads                            = 6                                         {product} {ergonomic}
     uint G1ConcRefinementThreads                  = 23                                        {product} {ergonomic}
   size_t G1HeapRegionSize                         = 1048576                                   {product} {ergonomic}
    uintx GCDrainStackTargetSize                   = 64                                        {product} {ergonomic}
   size_t InitialHeapSize                          = 268435456                                 {product} {ergonomic}
   size_t MarkStackSize                            = 4194304                                   {product} {ergonomic}
   size_t MaxHeapSize                              = 4265607168                                {product} {ergonomic}
   size_t MaxNewSize                               = 2558525440                                {product} {ergonomic}
   size_t MinHeapDeltaBytes                        = 1048576                                   {product} {ergonomic}
    uintx NonNMethodCodeHeapSize                   = 8182140                                {pd product} {ergonomic}
    uintx NonProfiledCodeHeapSize                  = 121738050                              {pd product} {ergonomic}
    uintx ProfiledCodeHeapSize                     = 121738050                              {pd product} {ergonomic}
    uintx ReservedCodeCacheSize                    = 251658240                              {pd product} {ergonomic}
     bool SegmentedCodeCache                       = true                                      {product} {ergonomic}
     bool UseCompressedClassPointers               = true                                 {lp64_product} {ergonomic}
     bool UseCompressedOops                        = true                                 {lp64_product} {ergonomic}
     bool UseG1GC                                  = true                                      {product} {ergonomic}
     bool UseLargePagesIndividualAllocation        = false                                  {pd product} {ergonomic}

Logging:
Log output configuration:
 #0: stdout all=warning uptime,level,tags
 #1: stderr all=off uptime,level,tags

Environment Variables:
JAVA_HOME=C:\Program Files\AdoptOpenJDK\jdk-8.0.275.1-hotspot\
PATH=C:\Program Files\AdoptOpenJDK\jdk-11.0.9.101-hotspot\bin;C:\Program Files\AdoptOpenJDK\jdk-8.0.275.1-hotspot\bin;C:\Python27\;C:\Python27\Scripts;C:\Program Files (x86)\NVIDIA Corporation\PhysX\Common;C:\Windows\system32;C:\Windows;C:\Windows\System32\Wbem;C:\Windows\System32\WindowsPowerShell\v1.0\;C:\Windows\System32\OpenSSH\;C:\apache-maven-3.6.3\bin;C:\Program Files\Git\cmd;C:\Users\Ivan\AppData\Local\Microsoft\WindowsApps;;C:\Users\Ivan\AppData\Local\Programs\Microsoft VS Code\bin
USERNAME=Ivan
LANG=en_US.UTF-8
OS=Windows_NT
PROCESSOR_IDENTIFIER=AMD64 Family 23 Model 113 Stepping 0, AuthenticAMD



---------------  S Y S T E M  ---------------

OS: Windows 10 , 64 bit Build 19041 (10.0.19041.662)
OS uptime: 0 days 8:54 hours

CPU:total 32 (initial active 32) (32 cores per cpu, 2 threads per core) family 23 model 113 stepping 0, cmov, cx8, fxsr, mmx, sse, sse2, sse3, ssse3, sse4.1, sse4.2, popcnt, avx, avx2, aes, clmul, mmxext, 3dnowpref, lzcnt, sse4a, ht, tsc, tscinvbit, tscinv, bmi1, bmi2, adx, sha, fma

Memory: 4k page, system-wide physical 16270M (8906M free)
TotalPageFile size 18702M (AvailPageFile size 7346M)
current process WorkingSet (physical memory assigned to process): 101M, peak: 107M
current process commit charge ("private bytes"): 461M, peak: 466M

vm_info: OpenJDK 64-Bit Server VM (11.0.9.1+1) for windows-amd64 JRE (11.0.9.1+1), built on Nov 10 2020 15:18:49 by "" with MS VC++ 15.9 (VS2017)

END.
